#
# A fatal error has been detected by the Java Runtime Environment:
#
#  EXCEPTION_ACCESS_VIOLATION (0xc0000005) at pc=0x000000007322c750, pid=4512, tid=5492
#
# JRE version: 6.0_17-b04
# Java VM: Java HotSpot(TM) 64-Bit Server VM (14.3-b01 mixed mode windows-amd64 )
# Problematic frame:
# C  0x000000007322c750
#
# If you would like to submit a bug report, please visit:
#   http://java.sun.com/webapps/bugreport/crash.jsp
# The crash happened outside the Java Virtual Machine in native code.
# See problematic frame for where to report the bug.
#

---------------  T H R E A D  ---------------

Current thread (0x000000006258d000):  JavaThread "AWT-EventQueue-0" [_thread_in_native, id=5492, stack(0x000000002d3c0000,0x000000002d440000)]

siginfo: ExceptionCode=0xc0000005, reading address 0x0000000000000008

Registers:
EAX=0x000000000000000d, EBX=0x000000006258d1b8, ECX=0x0000000000000000, EDX=0xffffffffb0012f21
ESP=0x000000002d43e4f8, EBP=0x00000000630be390, ESI=0x000000006258d1b8, EDI=0x0000000069f06e80
EIP=0x000000007322c750, EFLAGS=0x0000000000010206

Top of Stack: (sp=0x000000002d43e4f8)
0x000000002d43e4f8:   00000000731d589c 0000000000000000
0x000000002d43e508:   000000006258d1b8 00000000630be390
0x000000002d43e518:   000000006258d1b8 000000002d43e520
0x000000002d43e528:   000000006258d1b8 00000000388a08d0
0x000000002d43e538:   00000000731b3810 000000006258d1b8
0x000000002d43e548:   000000002d43ec18 000000002d43ec90
0x000000002d43e558:   00000000630be390 000000002d43e610
0x000000002d43e568:   00000000731d2151 0000000000000000
0x000000002d43e578:   000000002d43ec88 00000000463a5108
0x000000002d43e588:   000000002d43ec90 0000000000000001
0x000000002d43e598:   000000002d43e5b0 000000002d43e610
0x000000002d43e5a8:   0000000031585ac2 0000000031585ac2
0x000000002d43e5b8:   000000003c63feb0 0000000000000000
0x000000002d43e5c8:   0000000000000000 000000002d43e5c0
0x000000002d43e5d8:   00000000349948de 000000002d43e640
0x000000002d43e5e8:   0000000034c3fcf8 0000000000000000 

Instructions: (pc=0x000000007322c750)
0x000000007322c740:   48 8b 41 08 48 8b 80 18 0c 00 00 c3 cc cc cc cc
0x000000007322c750:   48 8b 49 08 48 85 c9 74 05 e9 72 f6 fd ff 33 c0 


Stack: [0x000000002d3c0000,0x000000002d440000],  sp=0x000000002d43e4f8,  free space=505k
Native frames: (J=compiled Java code, j=interpreted, Vv=VM code, C=native code)
C  0x000000007322c750

Java frames: (J=compiled Java code, j=interpreted, Vv=VM code)
j  sun.java2d.windows.GDIBlitLoops.nativeBlit(Lsun/java2d/SurfaceData;Lsun/java2d/SurfaceData;Lsun/java2d/pipe/Region;IIIIIIIIIZ)V+0
j  sun.java2d.windows.GDIBlitLoops.Blit(Lsun/java2d/SurfaceData;Lsun/java2d/SurfaceData;Ljava/awt/Composite;Lsun/java2d/pipe/Region;IIIIII)V+33
J  sun.java2d.pipe.DrawImage.copyImage(Lsun/java2d/SunGraphics2D;Ljava/awt/Image;IILjava/awt/Color;Ljava/awt/image/ImageObserver;)Z
J  javax.swing.RepaintManager$PaintManager.paintDoubleBuffered(Ljavax/swing/JComponent;Ljava/awt/Image;Ljava/awt/Graphics;IIII)V
j  javax.swing.RepaintManager$PaintManager.paint(Ljavax/swing/JComponent;Ljavax/swing/JComponent;Ljava/awt/Graphics;IIII)Z+116
J  javax.swing.JComponent._paintImmediately(IIII)V
j  javax.swing.JComponent.paintImmediately(IIII)V+83
J  javax.swing.RepaintManager.paintDirtyRegions(Ljava/util/Map;)V
j  javax.swing.RepaintManager.paintDirtyRegions()V+46
j  javax.swing.RepaintManager.seqPaintDirtyRegions()V+73
j  javax.swing.SystemEventQueueUtilities$ComponentWorkRequest.run()V+36
J  java.awt.event.InvocationEvent.dispatch()V
J  java.awt.EventDispatchThread.pumpOneEventForFilters(I)Z
J  java.awt.EventDispatchThread.pumpEventsForFilter(ILjava/awt/Conditional;Ljava/awt/EventFilter;)V
j  java.awt.EventDispatchThread.pumpEventsForHierarchy(ILjava/awt/Conditional;Ljava/awt/Component;)V+11
j  java.awt.EventDispatchThread.pumpEvents(ILjava/awt/Conditional;)V+4
j  java.awt.EventDispatchThread.pumpEvents(Ljava/awt/Conditional;)V+3
j  java.awt.EventDispatchThread.run()V+9
v  ~StubRoutines::call_stub

---------------  P R O C E S S  ---------------

Java Threads: ( => current thread )
  0x0000000062590000 JavaThread "Code Analyzer updating thread" [_thread_blocked, id=7852, stack(0x0000000018010000,0x0000000018090000)]
  0x0000000062937800 JavaThread "Code Analyzer updating thread" [_thread_blocked, id=5328, stack(0x00000000184e0000,0x0000000018560000)]
  0x0000000069099000 JavaThread "Code Analyzer updating thread" [_thread_blocked, id=5080, stack(0x0000000017f10000,0x0000000017f90000)]
  0x0000000062f84000 JavaThread "Code Analyzer updating thread" [_thread_blocked, id=7520, stack(0x0000000018460000,0x00000000184e0000)]
  0x0000000062f83800 JavaThread "Code Analyzer updating thread" [_thread_blocked, id=2576, stack(0x0000000009430000,0x00000000094b0000)]
  0x0000000062f82800 JavaThread "Code Analyzer updating thread" [_thread_blocked, id=3684, stack(0x0000000017f90000,0x0000000018010000)]
  0x0000000062f7f000 JavaThread "Code Analyzer updating thread" [_thread_blocked, id=2864, stack(0x0000000016ef0000,0x0000000016f70000)]
  0x0000000062f82000 JavaThread "Code Analyzer updating thread" [_thread_blocked, id=5396, stack(0x0000000017d50000,0x0000000017dd0000)]
  0x0000000062f80800 JavaThread "Code Analyzer updating thread" [_thread_blocked, id=8100, stack(0x00000000183c0000,0x0000000018440000)]
  0x0000000062f80000 JavaThread "Code Analyzer updating thread" [_thread_blocked, id=7028, stack(0x0000000018140000,0x00000000181c0000)]
  0x0000000062f7d800 JavaThread "Code Analyzer updating thread" [_thread_blocked, id=6724, stack(0x0000000017b50000,0x0000000017bd0000)]
  0x0000000062f7e800 JavaThread "Code Analyzer updating thread" [_thread_blocked, id=5012, stack(0x0000000018090000,0x0000000018110000)]
  0x0000000062f7d000 JavaThread "Code Analyzer updating thread" [_thread_blocked, id=8032, stack(0x0000000008be0000,0x0000000008c60000)]
  0x0000000069a31000 JavaThread "Code Analyzer updating thread" [_thread_blocked, id=5276, stack(0x00000000170a0000,0x0000000017120000)]
  0x0000000062936800 JavaThread "Code Analyzer updating thread" [_thread_blocked, id=5364, stack(0x0000000017e70000,0x0000000017ef0000)]
  0x0000000062936000 JavaThread "Code Analyzer updating thread" [_thread_blocked, id=4948, stack(0x0000000017de0000,0x0000000017e60000)]
  0x0000000062931800 JavaThread "Code Analyzer updating thread" [_thread_blocked, id=3944, stack(0x0000000017a50000,0x0000000017ad0000)]
  0x0000000069a30800 JavaThread "Code Analyzer updating thread" [_thread_blocked, id=7224, stack(0x0000000017be0000,0x0000000017c60000)]
  0x0000000062934800 JavaThread "Code Analyzer updating thread" [_thread_blocked, id=6760, stack(0x0000000017ca0000,0x0000000017d20000)]
  0x0000000062931000 JavaThread "Explorer NavigationContext request queue" [_thread_blocked, id=1852, stack(0x0000000016f90000,0x0000000017010000)]
  0x0000000069a32800 JavaThread "Swing-Shell" daemon [_thread_blocked, id=6564, stack(0x0000000009080000,0x0000000009100000)]
  0x0000000062938000 JavaThread "Thread-39" daemon [_thread_in_native, id=7892, stack(0x00000000086c0000,0x0000000008740000)]
  0x000000006909c000 JavaThread "Prefs Updater" daemon [_thread_blocked, id=3340, stack(0x0000000008610000,0x0000000008690000)]
  0x000000006909a000 JavaThread "pool-1-thread-1" [_thread_blocked, id=6528, stack(0x0000000008780000,0x0000000008800000)]
  0x0000000062933800 JavaThread "Active Reference Queue Daemon" daemon [_thread_blocked, id=7596, stack(0x00000000674d0000,0x0000000067550000)]
  0x0000000062932000 JavaThread "Timer-7" daemon [_thread_blocked, id=2568, stack(0x00000000672e0000,0x0000000067360000)]
  0x0000000062933000 JavaThread "Timer-6" daemon [_thread_blocked, id=5444, stack(0x0000000063660000,0x00000000636e0000)]
  0x0000000062591000 JavaThread "AddressBar directory emptiness poller" [_thread_blocked, id=6960, stack(0x0000000058e70000,0x0000000058ef0000)]
  0x0000000062590800 JavaThread "Explorer Refresh Service 659873291" [_thread_blocked, id=7772, stack(0x0000000063b60000,0x0000000063be0000)]
  0x000000006258f000 JavaThread "Timer-1" daemon [_thread_blocked, id=2420, stack(0x0000000063750000,0x00000000637d0000)]
  0x000000006258e800 JavaThread "TimerQueue" daemon [_thread_blocked, id=824, stack(0x00000000638e0000,0x0000000063960000)]
  0x000000006258d800 JavaThread "Thread-5" daemon [_thread_blocked, id=7460, stack(0x0000000058df0000,0x0000000058e70000)]
=>0x000000006258d000 JavaThread "AWT-EventQueue-0" [_thread_in_native, id=5492, stack(0x000000002d3c0000,0x000000002d440000)]
  0x000000006258c000 JavaThread "AWT-Shutdown" [_thread_blocked, id=7632, stack(0x000000001d0b0000,0x000000001d130000)]
  0x000000006258b800 JavaThread "FelixPackageAdmin" daemon [_thread_blocked, id=3060, stack(0x000000000f640000,0x000000000f6c0000)]
  0x000000006258a800 JavaThread "FelixStartLevel" daemon [_thread_blocked, id=4484, stack(0x0000000050c40000,0x0000000050cc0000)]
  0x00000000626f2000 JavaThread "FelixDispatchQueue" daemon [_thread_blocked, id=5248, stack(0x000000004ca50000,0x000000004cad0000)]
  0x000000006252f000 JavaThread "com.google.common.base.internal.Finalizer" daemon [_thread_blocked, id=1648, stack(0x0000000021160000,0x00000000211e0000)]
  0x000000000f5bb800 JavaThread "AWT-Windows" daemon [_thread_in_native, id=7160, stack(0x000000000fe50000,0x000000000fed0000)]
  0x000000000faa4800 JavaThread "Java2D Disposer" daemon [_thread_blocked, id=6224, stack(0x000000000e200000,0x000000000e280000)]
  0x0000000061ff2000 JavaThread "Timer-0" [_thread_blocked, id=7812, stack(0x000000000f810000,0x000000000f890000)]
  0x000000006217b000 JavaThread "EventMgr Dispatcher" daemon [_thread_in_native, id=1848, stack(0x0000000009b20000,0x000000000db20000)]
  0x000000000f4ef000 JavaThread "Low Memory Detector" daemon [_thread_blocked, id=784, stack(0x000000000f8a0000,0x000000000f920000)]
  0x000000000f4e6800 JavaThread "CompilerThread1" daemon [_thread_blocked, id=2156, stack(0x0000000080000000,0x0000000084000000)]
  0x000000000f4d2000 JavaThread "CompilerThread0" daemon [_thread_blocked, id=7712, stack(0x000000005cf80000,0x0000000060f80000)]
  0x000000000f4d0800 JavaThread "Attach Listener" daemon [_thread_blocked, id=3248, stack(0x000000000f770000,0x000000000f7f0000)]
  0x000000000f477000 JavaThread "Finalizer" daemon [_thread_blocked, id=1148, stack(0x000000000f6d0000,0x000000000f750000)]
  0x000000000f476000 JavaThread "Reference Handler" daemon [_thread_blocked, id=7304, stack(0x000000000e150000,0x000000000e1d0000)]
  0x0000000005a54800 JavaThread "main" [_thread_blocked, id=4852, stack(0x0000000000220000,0x0000000004220000)]

Other Threads:
  0x000000000f473000 VMThread [stack: 0x0000000058f20000,0x000000005cf20000] [id=6736]
  0x000000000f50a800 WatcherThread [stack: 0x00000000840d0000,0x00000000880d0000] [id=1952]

VM state:not at safepoint (normal execution)

VM Mutex/Monitor currently owned by a thread: None

Heap
 PSYoungGen      total 18496K, used 11607K [0x0000000045880000, 0x0000000048470000, 0x0000000048980000)
  eden space 18304K, 62% used [0x0000000045880000,0x00000000463adee0,0x0000000046a60000)
  from space 192K, 83% used [0x0000000046a60000,0x0000000046a88000,0x0000000046a90000)
  to   space 13248K, 0% used [0x0000000047780000,0x0000000047780000,0x0000000048470000)
 PSOldGen        total 150528K, used 123215K [0x000000003c580000, 0x0000000045880000, 0x0000000045880000)
  object space 150528K, 81% used [0x000000003c580000,0x0000000043dd3fa0,0x0000000045880000)
 PSPermGen       total 122112K, used 68743K [0x0000000034580000, 0x000000003bcc0000, 0x000000003c580000)
  object space 122112K, 56% used [0x0000000034580000,0x00000000388a1d40,0x000000003bcc0000)

Dynamic libraries:
0x000000013fc50000 - 0x000000013fc7d000 	C:\Program Files\MATLAB\R2012b-64\bin\win64\MATLAB.exe
0x0000000076ea0000 - 0x0000000077049000 	C:\Windows\SYSTEM32\ntdll.dll
0x0000000076d80000 - 0x0000000076e9f000 	C:\Windows\system32\kernel32.dll
0x000007fefcce0000 - 0x000007fefcd4c000 	C:\Windows\system32\KERNELBASE.dll
0x0000000074460000 - 0x000000007451f000 	C:\Program Files\MATLAB\R2012b-64\bin\win64\libut.dll
0x00000000758a0000 - 0x000000007595c000 	C:\Program Files\MATLAB\R2012b-64\bin\win64\libmwi18n.dll
0x0000000180000000 - 0x000000018000b000 	C:\Program Files\MATLAB\R2012b-64\bin\win64\libmwresource_core.dll
0x0000000068ed0000 - 0x0000000068fa3000 	C:\Windows\WinSxS\amd64_microsoft.vc90.crt_1fc8b3b9a1e18e3b_9.0.30729.6161_none_08e61857a83bc251\MSVCP90.dll
0x000000006ef40000 - 0x000000006efe3000 	C:\Windows\WinSxS\amd64_microsoft.vc90.crt_1fc8b3b9a1e18e3b_9.0.30729.6161_none_08e61857a83bc251\MSVCR90.dll
0x000000007a170000 - 0x000000007a19c000 	C:\Program Files\MATLAB\R2012b-64\bin\win64\boost_filesystem-vc90-mt-1_44.dll
0x000000007a560000 - 0x000000007a569000 	C:\Program Files\MATLAB\R2012b-64\bin\win64\boost_system-vc90-mt-1_44.dll
0x000007fefe910000 - 0x000007fefe9eb000 	C:\Windows\system32\ADVAPI32.dll
0x000007fefed30000 - 0x000007fefedcf000 	C:\Windows\system32\msvcrt.dll
0x000007fefec90000 - 0x000007fefecaf000 	C:\Windows\SYSTEM32\sechost.dll
0x000007fefeb60000 - 0x000007fefec8d000 	C:\Windows\system32\RPCRT4.dll
0x000000007a010000 - 0x000000007a035000 	C:\Program Files\MATLAB\R2012b-64\bin\win64\LIBEXPAT.dll
0x0000000068900000 - 0x0000000068af1000 	C:\Program Files\MATLAB\R2012b-64\bin\win64\icuin44.dll
0x0000000068780000 - 0x00000000688f1000 	C:\Program Files\MATLAB\R2012b-64\bin\win64\icuuc44.dll
0x0000000010000000 - 0x0000000010e41000 	C:\Program Files\MATLAB\R2012b-64\bin\win64\icudt44.dll
0x0000000073f70000 - 0x000000007411d000 	C:\Program Files\MATLAB\R2012b-64\bin\win64\libmwfl.dll
0x0000000004250000 - 0x0000000004606000 	C:\Program Files\MATLAB\R2012b-64\bin\win64\libmwMATLAB_res.dll
0x000000007a3b0000 - 0x000000007a3c0000 	C:\Program Files\MATLAB\R2012b-64\bin\win64\boost_date_time-vc90-mt-1_44.dll
0x000000007a250000 - 0x000000007a263000 	C:\Program Files\MATLAB\R2012b-64\bin\win64\boost_signals-vc90-mt-1_44.dll
0x000000007a2d0000 - 0x000000007a2e2000 	C:\Program Files\MATLAB\R2012b-64\bin\win64\boost_thread-vc90-mt-1_44.dll
0x0000000004650000 - 0x000000000470d000 	C:\Program Files\MATLAB\R2012b-64\bin\win64\boost_log-vc90-mt-1_44.dll
0x0000000077060000 - 0x0000000077067000 	C:\Windows\system32\PSAPI.DLL
0x000007feff160000 - 0x000007feff1ad000 	C:\Windows\system32\WS2_32.dll
0x000007fefd470000 - 0x000007fefd478000 	C:\Windows\system32\NSI.dll
0x0000000004720000 - 0x0000000004766000 	C:\Program Files\MATLAB\R2012b-64\bin\win64\tbb.dll
0x000007fefecb0000 - 0x000007fefecc9000 	C:\Windows\system32\imagehlp.dll
0x00000000728a0000 - 0x00000000728b3000 	C:\Program Files\MATLAB\R2012b-64\bin\win64\icuio44.dll
0x000007fef4f30000 - 0x000007fef5055000 	C:\Windows\system32\dbghelp.dll
0x0000000076c80000 - 0x0000000076d7a000 	C:\Windows\system32\USER32.dll
0x000007fefee50000 - 0x000007fefeeb7000 	C:\Windows\system32\GDI32.dll
0x000007feff150000 - 0x000007feff15e000 	C:\Windows\system32\LPK.dll
0x000007fefdab0000 - 0x000007fefdb79000 	C:\Windows\system32\USP10.dll
0x0000000004790000 - 0x0000000004a6c000 	C:\Program Files\MATLAB\R2012b-64\bin\win64\libmwservices.dll
0x0000000075a20000 - 0x0000000075af3000 	C:\Program Files\MATLAB\R2012b-64\bin\win64\libmx.dll
0x0000000004a90000 - 0x0000000004ab9000 	C:\Program Files\MATLAB\R2012b-64\bin\win64\tbbmalloc.dll
0x000000007a210000 - 0x000000007a228000 	C:\Program Files\MATLAB\R2012b-64\bin\win64\zlib1.dll
0x0000000004ae0000 - 0x0000000004b2d000 	C:\Program Files\MATLAB\R2012b-64\bin\win64\libmwregexp.dll
0x0000000004b40000 - 0x0000000004b63000 	C:\Program Files\MATLAB\R2012b-64\bin\win64\libmwmfl_scalar.dll
0x0000000075f10000 - 0x0000000075f60000 	C:\Program Files\MATLAB\R2012b-64\bin\win64\mpath.dll
0x000000007b680000 - 0x000000007bc9a000 	C:\Program Files\MATLAB\R2012b-64\bin\win64\mlutil.dll
0x00000000754d0000 - 0x0000000075551000 	C:\Program Files\MATLAB\R2012b-64\bin\win64\xmlcore.dll
0x0000000004bb0000 - 0x0000000004e03000 	C:\Program Files\MATLAB\R2012b-64\bin\win64\xerces-c_2_7.dll
0x0000000004e20000 - 0x0000000004e40000 	C:\Program Files\MATLAB\R2012b-64\bin\win64\libmwMATLAB_settings_res.dll
0x0000000004e50000 - 0x0000000004e60000 	C:\Program Files\MATLAB\R2012b-64\bin\win64\boost_iostreams-vc90-mt-1_44.dll
0x0000000004e70000 - 0x0000000004eb7000 	C:\Program Files\MATLAB\R2012b-64\bin\win64\boost_serialization-vc90-mt-1_44.dll
0x000007fefdb80000 - 0x000007fefe908000 	C:\Windows\system32\SHELL32.dll
0x000007feff0d0000 - 0x000007feff141000 	C:\Windows\system32\SHLWAPI.dll
0x000007fef9510000 - 0x000007fef95b0000 	C:\Windows\WinSxS\amd64_microsoft.windows.common-controls_6595b64144ccf1df_5.82.7601.18201_none_a4d3b9377117c3df\COMCTL32.dll
0x000007fefd730000 - 0x000007fefd7c7000 	C:\Windows\system32\COMDLG32.dll
0x000007fefa4a0000 - 0x000007fefa4b6000 	C:\Windows\system32\NETAPI32.dll
0x000007fefa410000 - 0x000007fefa41c000 	C:\Windows\system32\netutils.dll
0x000007fefc6c0000 - 0x000007fefc6e3000 	C:\Windows\system32\srvcli.dll
0x000007fefa3f0000 - 0x000007fefa405000 	C:\Windows\system32\wkscli.dll
0x000007fefeec0000 - 0x000007feff0c3000 	C:\Windows\system32\ole32.dll
0x000007fefd360000 - 0x000007fefd437000 	C:\Windows\system32\OLEAUT32.dll
0x0000000074970000 - 0x0000000074a31000 	C:\Program Files\MATLAB\R2012b-64\bin\win64\mcr.dll
0x0000000075000000 - 0x00000000753e9000 	C:\Program Files\MATLAB\R2012b-64\bin\win64\iqm.dll
0x0000000074e80000 - 0x0000000074f38000 	C:\Program Files\MATLAB\R2012b-64\bin\win64\m_dispatcher.dll
0x0000000074880000 - 0x000000007496d000 	C:\Program Files\MATLAB\R2012b-64\bin\win64\boost_regex-vc90-mt-1_44.dll
0x000007fedde20000 - 0x000007fede691000 	C:\Program Files\MATLAB\R2012b-64\bin\win64\m_interpreter.dll
0x000000006f0a0000 - 0x000000006f0c7000 	C:\Program Files\MATLAB\R2012b-64\bin\win64\libmex.dll
0x00000000686f0000 - 0x0000000068774000 	C:\Program Files\MATLAB\R2012b-64\bin\win64\profiler.dll
0x0000000004f40000 - 0x00000000051aa000 	C:\Program Files\MATLAB\R2012b-64\bin\win64\libmwmathutil.dll
0x0000000079f40000 - 0x0000000079f6e000 	C:\Program Files\MATLAB\R2012b-64\bin\win64\libmwmathrng.dll
0x00000000051d0000 - 0x00000000051e2000 	C:\Program Files\MATLAB\R2012b-64\bin\win64\libmwmfl_rng.dll
0x0000000074c10000 - 0x0000000074cee000 	C:\Program Files\MATLAB\R2012b-64\bin\win64\libmwmathcore.dll
0x0000000076160000 - 0x00000000761ca000 	C:\Program Files\MATLAB\R2012b-64\bin\win64\libmwspmatrix.dll
0x0000000075ea0000 - 0x0000000075f02000 	C:\Program Files\MATLAB\R2012b-64\bin\win64\libmwcholmod.dll
0x000000007a460000 - 0x000000007a46d000 	C:\Program Files\MATLAB\R2012b-64\bin\win64\libmwamd.dll
0x000000007a4b0000 - 0x000000007a4bc000 	C:\Program Files\MATLAB\R2012b-64\bin\win64\libmwcolamd.dll
0x000000007a290000 - 0x000000007a2a9000 	C:\Program Files\MATLAB\R2012b-64\bin\win64\libmwblas.dll
0x000000007a310000 - 0x000000007a321000 	C:\Program Files\MATLAB\R2012b-64\bin\win64\libmwbinder.dll
0x000000007a4d0000 - 0x000000007a4dc000 	C:\Program Files\MATLAB\R2012b-64\bin\win64\libmwompwrapper.dll
0x0000000005280000 - 0x0000000005305000 	C:\Program Files\MATLAB\R2012b-64\bin\win64\libmwlapack.dll
0x000000006f070000 - 0x000000006f091000 	C:\Program Files\MATLAB\R2012b-64\bin\win64\m_pcodeio.dll
0x0000000079b10000 - 0x0000000079b77000 	C:\Program Files\MATLAB\R2012b-64\bin\win64\m_ir.dll
0x0000000066c40000 - 0x00000000672b0000 	C:\Program Files\MATLAB\R2012b-64\bin\win64\m_parser.dll
0x0000000071c20000 - 0x0000000071c3a000 	C:\Program Files\MATLAB\R2012b-64\bin\win64\ir_xfmr.dll
0x000007fee5350000 - 0x000007fee55e6000 	C:\Program Files\MATLAB\R2012b-64\bin\win64\mcos.dll
0x000000006f050000 - 0x000000006f061000 	C:\Program Files\MATLAB\R2012b-64\bin\win64\mtok.dll
0x000000006c310000 - 0x000000006c341000 	C:\Program Files\MATLAB\R2012b-64\bin\win64\m_pcodegen.dll
0x0000000079fb0000 - 0x0000000079fe6000 	C:\Program Files\MATLAB\R2012b-64\bin\win64\libmwbridge.dll
0x0000000068620000 - 0x00000000686e8000 	C:\Program Files\MATLAB\R2012b-64\bin\win64\udd.dll
0x00000000684c0000 - 0x0000000068612000 	C:\Program Files\MATLAB\R2012b-64\bin\win64\libmwgui.dll
0x000000006f000000 - 0x000000006f017000 	C:\Program Files\MATLAB\R2012b-64\bin\win64\graphics_util.dll
0x0000000060f90000 - 0x00000000619ef000 	C:\Program Files\MATLAB\R2012b-64\bin\win64\hg.dll
0x00000000053e0000 - 0x0000000005448000 	C:\Program Files\MATLAB\R2012b-64\bin\win64\libmat.dll
0x0000000072d30000 - 0x0000000072f44000 	C:\Program Files\MATLAB\R2012b-64\bin\win64\hdf5dll.dll
0x0000000075710000 - 0x00000000757de000 	C:\Program Files\MATLAB\R2012b-64\bin\win64\jmi.dll
0x0000000005480000 - 0x000000000548d000 	C:\Program Files\MATLAB\R2012b-64\bin\win64\nativejava_services.dll
0x000000006a920000 - 0x000000006a966000 	C:\Program Files\MATLAB\R2012b-64\bin\win64\libmwhardcopy.dll
0x0000000068450000 - 0x00000000684b3000 	C:\Program Files\MATLAB\R2012b-64\bin\win64\libuij.dll
0x00000000669d0000 - 0x0000000066c34000 	C:\Program Files\MATLAB\R2012b-64\bin\win64\hgdatatypes.dll
0x0000000068140000 - 0x000000006825f000 	C:\Program Files\MATLAB\R2012b-64\bin\win64\hgutils.dll
0x0000000068390000 - 0x0000000068450000 	C:\Program Files\MATLAB\R2012b-64\bin\win64\udd_mi.dll
0x00000000054f0000 - 0x000000000552b000 	C:\Program Files\MATLAB\R2012b-64\bin\win64\libmwgbtutils.dll
0x0000000005540000 - 0x000000000555b000 	C:\Program Files\MATLAB\R2012b-64\bin\win64\libmwgbt.dll
0x0000000005570000 - 0x0000000005841000 	C:\Program Files\MATLAB\R2012b-64\bin\win64\uiw.dll
0x00000000728d0000 - 0x00000000728df000 	C:\Program Files\MATLAB\R2012b-64\bin\win64\uinone.dll
0x0000000005870000 - 0x0000000005899000 	C:\Program Files\MATLAB\R2012b-64\bin\win64\libmwnativefiledialogs.dll
0x00000000058b0000 - 0x00000000058b8000 	C:\Program Files\MATLAB\R2012b-64\bin\win64\libmwplatform_res.dll
0x000007fef89e0000 - 0x000007fef89f8000 	C:\Windows\system32\MPR.dll
0x0000000063c80000 - 0x0000000064164000 	C:\Windows\WinSxS\amd64_microsoft.vc90.mfc_1fc8b3b9a1e18e3b_9.0.30729.6161_none_044aad0bab1eb146\mfc90.dll
0x000007fef95b0000 - 0x000007fef95b7000 	C:\Windows\system32\MSIMG32.dll
0x000007fef9490000 - 0x000007fef9501000 	C:\Windows\system32\WINSPOOL.DRV
0x000000006b130000 - 0x000000006b152000 	C:\Program Files\MATLAB\R2012b-64\bin\win64\mwoles05.DLL
0x00000000680c0000 - 0x000000006813d000 	C:\Program Files\MATLAB\R2012b-64\bin\win64\comcli.dll
0x0000000072f90000 - 0x0000000072fbf000 	C:\Windows\WinSxS\amd64_microsoft.vc90.atl_1fc8b3b9a1e18e3b_9.0.30729.6161_none_0a1fd3a3a768b895\ATL90.DLL
0x00000000728c0000 - 0x00000000728cc000 	C:\Program Files\MATLAB\R2012b-64\bin\win64\mlautoregister.dll
0x000007fefd440000 - 0x000007fefd46e000 	C:\Windows\system32\IMM32.DLL
0x000007fefd250000 - 0x000007fefd359000 	C:\Windows\system32\MSCTF.dll
0x000007fefb250000 - 0x000007fefb2a6000 	C:\Windows\system32\UxTheme.dll
0x000007fefa980000 - 0x000007fefa998000 	C:\Windows\system32\dwmapi.dll
0x0000000073440000 - 0x000000007344d000 	C:\Windows\WinSxS\amd64_microsoft.vc90.mfcloc_1fc8b3b9a1e18e3b_9.0.30729.6161_none_01c9581e60cbee58\MFC90ENU.DLL
0x000007fefccb0000 - 0x000007fefccbf000 	C:\Windows\system32\profapi.dll
0x0000000005b60000 - 0x0000000005b6f000 	C:\Program Files\MATLAB\R2012b-64\bin\win64\xmlxrcsc.dll
0x000007fefcb10000 - 0x000007fefcb1f000 	C:\Windows\system32\CRYPTBASE.dll
0x0000000070fc0000 - 0x0000000070fcd000 	C:\Program Files (x86)\WinSplit Revolution\WinSplitHook64.DLL
0x000007fefb690000 - 0x000007fefb884000 	C:\Windows\WinSxS\amd64_microsoft.windows.common-controls_6595b64144ccf1df_6.0.7601.17514_none_fa396087175ac9ac\comctl32.dll
0x000007fefd070000 - 0x000007fefd247000 	C:\Windows\system32\SETUPAPI.dll
0x000007fefcf10000 - 0x000007fefcf46000 	C:\Windows\system32\CFGMGR32.dll
0x000007fefd050000 - 0x000007fefd06a000 	C:\Windows\system32\DEVOBJ.dll
0x000007fefda10000 - 0x000007fefdaa9000 	C:\Windows\system32\CLBCatQ.DLL
0x000007fefb300000 - 0x000007fefb42c000 	C:\Windows\system32\propsys.dll

VM Arguments:
jvm_args: -Xss512k -XX:PermSize=32m -Xms64m -XX:NewRatio=3 -XX:MaxPermSize=128m -Xmx196m -XX:MaxDirectMemorySize=2147400000 -Dsun.java2d.noddraw=true -Dsun.awt.nopixfmt=true -Xshare:off -Xrs -Dsun.awt.disableMixing=true -Djava.library.path=C:\Program Files\MATLAB\R2012b-64\bin\win64;C:\Program Files\MATLAB\R2012b-64\sys\jxbrowser\win64\lib vfprintf abort 
java_command: <unknown>
Launcher Type: generic

Environment Variables:
CLASSPATH=.;C:\Program Files (x86)\Java\jre6\lib\ext\QTJava.zip
PATH=C:\Program Files (x86)\NVIDIA Corporation\PhysX\Common;C:\GTK\bin;C:\Program Files\ImageMagick-6.7.2-Q16;C:\Windows\system32;C:\Windows;C:\Windows\System32\Wbem;C:\Windows\System32\WindowsPowerShell\v1.0\;C:\Program Files\MATLAB\R2012b-64\runtime\win64;C:\Program Files\MATLAB\R2012b-64\bin;C:\Program Files (x86)\MATLAB\R2012b\runtime\win32;C:\Program Files (x86)\MATLAB\R2012b\bin;C:\Program Files\MATLAB\R2010b\runtime\win64;C:\Program Files\MATLAB\R2010b\bin;C:\Program Files\MATLAB\R2010a\runtime\win64;C:\Program Files\MATLAB\R2010a\bin;C:\Program Files\MATLAB\R2009b\bin;C:\Program Files (x86)\MATLAB\R2010a-32\runtime\win32;C:\Program Files (x86)\MATLAB\R2010a-32\bin;C:\Program Files (x86)\ggobi;C:\Program Files (x86)\QuickTime\QTSystem\;C:\Program Files\SlikSvn\bin;C:\Program Files\KlustaViewa\WinPython-64bit-2.7.6.4\python-2.7.6.amd64;C:\Program Files\KlustaViewa\WinPython-64bit-2.7.6.4\python-2.7.6.amd64\Scripts;C:\Program Files (x86)\SSH Communications Security\SSH Secure Shell;C:\Python27;C:\Python27\Scripts;D:\Python27;D:\Python27\Scripts
USERNAME=aman
OS=Windows_NT
PROCESSOR_IDENTIFIER=Intel64 Family 6 Model 23 Stepping 10, GenuineIntel



---------------  S Y S T E M  ---------------

OS: Windows 7 Build 7601 Service Pack 1

CPU:total 4 (4 cores per cpu, 1 threads per core) family 6 model 23 stepping 10, cmov, cx8, fxsr, mmx, sse, sse2, sse3, ssse3, sse4.1

Memory: 4k page, physical 8091888k(1978228k free), swap 16181912k(3114596k free)

vm_info: Java HotSpot(TM) 64-Bit Server VM (14.3-b01) for windows-amd64 JRE (1.6.0_17-b04), built on Oct 11 2009 00:46:08 by "java_re" with MS VC++ 8.0

time: Mon Dec 08 17:05:39 2014
elapsed time: 612713 seconds

